2024-02-09T13:39:45.995+01:00  INFO 6384 --- [main] Proyecto.Java.Final.Aplicacion           : Starting Aplicacion using Java 21.0.2 with PID 6384 (C:\Users\Puesto20\eclipse-workspace\Proyecto.Java.Final\target\classes started by Puesto20 in C:\Users\Puesto20\eclipse-workspace\Proyecto.Java.Final)
2024-02-09T13:39:45.997+01:00  INFO 6384 --- [main] Proyecto.Java.Final.Aplicacion           : No active profile set, falling back to 1 default profile: "default"
2024-02-09T13:39:46.629+01:00  INFO 6384 --- [main] .s.d.r.c.RepositoryConfigurationDelegate : Bootstrapping Spring Data JPA repositories in DEFAULT mode.
2024-02-09T13:39:46.794+01:00  INFO 6384 --- [main] .s.d.r.c.RepositoryConfigurationDelegate : Finished Spring Data repository scanning in 156 ms. Found 1 JPA repository interface.
2024-02-09T13:39:47.464+01:00  INFO 6384 --- [main] o.s.b.w.embedded.tomcat.TomcatWebServer  : Tomcat initialized with port 8080 (http)
2024-02-09T13:39:47.476+01:00  INFO 6384 --- [main] o.apache.catalina.core.StandardService   : Starting service [Tomcat]
2024-02-09T13:39:47.477+01:00  INFO 6384 --- [main] o.apache.catalina.core.StandardEngine    : Starting Servlet engine: [Apache Tomcat/10.1.16]
2024-02-09T13:39:47.546+01:00  INFO 6384 --- [main] o.a.c.c.C.[Tomcat].[localhost].[/]       : Initializing Spring embedded WebApplicationContext
2024-02-09T13:39:47.546+01:00  INFO 6384 --- [main] w.s.c.ServletWebServerApplicationContext : Root WebApplicationContext: initialization completed in 1503 ms
2024-02-09T13:39:47.720+01:00  INFO 6384 --- [main] o.hibernate.jpa.internal.util.LogHelper  : HHH000204: Processing PersistenceUnitInfo [name: default]
2024-02-09T13:39:47.778+01:00  INFO 6384 --- [main] org.hibernate.Version                    : HHH000412: Hibernate ORM core version 6.3.1.Final
2024-02-09T13:39:47.816+01:00  INFO 6384 --- [main] o.h.c.internal.RegionFactoryInitiator    : HHH000026: Second-level cache disabled
2024-02-09T13:39:48.064+01:00  INFO 6384 --- [main] o.s.o.j.p.SpringPersistenceUnitInfo      : No LoadTimeWeaver setup: ignoring JPA class transformer
2024-02-09T13:39:48.095+01:00  INFO 6384 --- [main] com.zaxxer.hikari.HikariDataSource       : HikariPool-1 - Starting...
2024-02-09T13:39:48.263+01:00  INFO 6384 --- [main] com.zaxxer.hikari.pool.HikariPool        : HikariPool-1 - Added connection org.postgresql.jdbc.PgConnection@41143873
2024-02-09T13:39:48.266+01:00  INFO 6384 --- [main] com.zaxxer.hikari.HikariDataSource       : HikariPool-1 - Start completed.
2024-02-09T13:39:48.302+01:00  WARN 6384 --- [main] org.hibernate.orm.deprecation            : HHH90000025: PostgreSQLDialect does not need to be specified explicitly using 'hibernate.dialect' (remove the property setting and it will be selected by default)
2024-02-09T13:39:49.312+01:00  INFO 6384 --- [main] o.h.e.t.j.p.i.JtaPlatformInitiator       : HHH000489: No JTA platform available (set 'hibernate.transaction.jta.platform' to enable JTA platform integration)
2024-02-09T13:39:49.436+01:00  INFO 6384 --- [main] j.LocalContainerEntityManagerFactoryBean : Initialized JPA EntityManagerFactory for persistence unit 'default'
2024-02-09T13:39:49.850+01:00  WARN 6384 --- [main] JpaBaseConfiguration$JpaWebConfiguration : spring.jpa.open-in-view is enabled by default. Therefore, database queries may be performed during view rendering. Explicitly configure spring.jpa.open-in-view to disable this warning
2024-02-09T13:39:49.939+01:00  INFO 6384 --- [main] o.s.b.a.w.s.WelcomePageHandlerMapping    : Adding welcome page template: index
2024-02-09T13:39:50.451+01:00  INFO 6384 --- [main] o.s.s.web.DefaultSecurityFilterChain     : Will secure any request with [org.springframework.security.web.session.DisableEncodeUrlFilter@1f4fa465, org.springframework.security.web.context.request.async.WebAsyncManagerIntegrationFilter@1e65c4d, org.springframework.security.web.context.SecurityContextHolderFilter@524b1e41, org.springframework.security.web.header.HeaderWriterFilter@43778d6d, org.springframework.web.filter.CorsFilter@6b888692, org.springframework.security.web.csrf.CsrfFilter@6e0dec27, org.springframework.security.web.authentication.logout.LogoutFilter@30dd23e2, org.springframework.security.web.authentication.UsernamePasswordAuthenticationFilter@793248d, org.springframework.security.web.savedrequest.RequestCacheAwareFilter@d827673, org.springframework.security.web.servletapi.SecurityContextHolderAwareRequestFilter@d695f9d, org.springframework.security.web.authentication.AnonymousAuthenticationFilter@6414eb98, org.springframework.security.web.access.ExceptionTranslationFilter@25af1dbf, org.springframework.security.web.access.intercept.AuthorizationFilter@23a9400c]
2024-02-09T13:39:50.769+01:00  INFO 6384 --- [main] o.s.b.w.embedded.tomcat.TomcatWebServer  : Tomcat started on port 8080 (http) with context path ''
2024-02-09T13:39:50.776+01:00  INFO 6384 --- [main] Proyecto.Java.Final.Aplicacion           : Started Aplicacion in 5.151 seconds (process running for 5.757)
2024-02-09T13:39:50.837+01:00  INFO 6384 --- [http-nio-8080-exec-1] o.a.c.c.C.[Tomcat].[localhost].[/]       : Initializing Spring DispatcherServlet 'dispatcherServlet'
2024-02-09T13:39:50.838+01:00  INFO 6384 --- [http-nio-8080-exec-1] o.s.web.servlet.DispatcherServlet        : Initializing Servlet 'dispatcherServlet'
2024-02-09T13:39:50.839+01:00  INFO 6384 --- [http-nio-8080-exec-1] o.s.web.servlet.DispatcherServlet        : Completed initialization in 1 ms
2024-02-09T13:39:50.854+01:00  WARN 6384 --- [http-nio-8080-exec-1] o.s.w.s.h.HandlerMappingIntrospector     : Cache miss for REQUEST dispatch to '/privada/administracion' (previous null). Performing CorsConfiguration lookup. This is logged once only at WARN level, and every time at TRACE.
2024-02-09T13:39:50.884+01:00  WARN 6384 --- [http-nio-8080-exec-1] o.s.w.s.h.HandlerMappingIntrospector     : Cache miss for REQUEST dispatch to '/privada/administracion' (previous null). Performing MatchableHandlerMapping lookup. This is logged once only at WARN level, and every time at TRACE.
2024-02-09T13:40:04.085+01:00  INFO 6384 --- [http-nio-8080-exec-7] P.J.Final.Servicios.UsuarioServicioImpl  : Usuario jose@gmail.com Fue modificado
2024-02-09T14:05:16.734+01:00  INFO 6384 --- [RMI TCP Connection(32)-127.0.0.1] inMXBeanRegistrar$SpringApplicationAdmin : Application shutdown requested.
2024-02-09T14:05:16.745+01:00  INFO 6384 --- [RMI TCP Connection(32)-127.0.0.1] j.LocalContainerEntityManagerFactoryBean : Closing JPA EntityManagerFactory for persistence unit 'default'
2024-02-09T14:05:16.747+01:00  INFO 6384 --- [RMI TCP Connection(32)-127.0.0.1] com.zaxxer.hikari.HikariDataSource       : HikariPool-1 - Shutdown initiated...
2024-02-09T14:05:16.753+01:00  INFO 6384 --- [RMI TCP Connection(32)-127.0.0.1] com.zaxxer.hikari.HikariDataSource       : HikariPool-1 - Shutdown completed.
2024-02-09T14:05:32.978+01:00  INFO 9204 --- [main] Proyecto.Java.Final.Aplicacion           : Starting Aplicacion using Java 21.0.2 with PID 9204 (C:\Users\Puesto20\eclipse-workspace\Proyecto.Java.Final\target\classes started by Puesto20 in C:\Users\Puesto20\eclipse-workspace\Proyecto.Java.Final)
2024-02-09T14:05:32.980+01:00  INFO 9204 --- [main] Proyecto.Java.Final.Aplicacion           : No active profile set, falling back to 1 default profile: "default"
2024-02-09T14:05:33.655+01:00  INFO 9204 --- [main] .s.d.r.c.RepositoryConfigurationDelegate : Bootstrapping Spring Data JPA repositories in DEFAULT mode.
2024-02-09T14:05:33.711+01:00  INFO 9204 --- [main] .s.d.r.c.RepositoryConfigurationDelegate : Finished Spring Data repository scanning in 49 ms. Found 1 JPA repository interface.
2024-02-09T14:05:34.434+01:00  INFO 9204 --- [main] o.s.b.w.embedded.tomcat.TomcatWebServer  : Tomcat initialized with port 8080 (http)
2024-02-09T14:05:34.445+01:00  INFO 9204 --- [main] o.apache.catalina.core.StandardService   : Starting service [Tomcat]
2024-02-09T14:05:34.446+01:00  INFO 9204 --- [main] o.apache.catalina.core.StandardEngine    : Starting Servlet engine: [Apache Tomcat/10.1.16]
2024-02-09T14:05:34.524+01:00  INFO 9204 --- [main] o.a.c.c.C.[Tomcat].[localhost].[/]       : Initializing Spring embedded WebApplicationContext
2024-02-09T14:05:34.525+01:00  INFO 9204 --- [main] w.s.c.ServletWebServerApplicationContext : Root WebApplicationContext: initialization completed in 1499 ms
2024-02-09T14:05:34.728+01:00  INFO 9204 --- [main] o.hibernate.jpa.internal.util.LogHelper  : HHH000204: Processing PersistenceUnitInfo [name: default]
2024-02-09T14:05:34.789+01:00  INFO 9204 --- [main] org.hibernate.Version                    : HHH000412: Hibernate ORM core version 6.3.1.Final
2024-02-09T14:05:34.827+01:00  INFO 9204 --- [main] o.h.c.internal.RegionFactoryInitiator    : HHH000026: Second-level cache disabled
2024-02-09T14:05:35.079+01:00  INFO 9204 --- [main] o.s.o.j.p.SpringPersistenceUnitInfo      : No LoadTimeWeaver setup: ignoring JPA class transformer
2024-02-09T14:05:35.107+01:00  INFO 9204 --- [main] com.zaxxer.hikari.HikariDataSource       : HikariPool-1 - Starting...
2024-02-09T14:05:35.283+01:00  INFO 9204 --- [main] com.zaxxer.hikari.pool.HikariPool        : HikariPool-1 - Added connection org.postgresql.jdbc.PgConnection@467af68c
2024-02-09T14:05:35.285+01:00  INFO 9204 --- [main] com.zaxxer.hikari.HikariDataSource       : HikariPool-1 - Start completed.
2024-02-09T14:05:35.322+01:00  WARN 9204 --- [main] org.hibernate.orm.deprecation            : HHH90000025: PostgreSQLDialect does not need to be specified explicitly using 'hibernate.dialect' (remove the property setting and it will be selected by default)
2024-02-09T14:05:36.431+01:00  INFO 9204 --- [main] o.h.e.t.j.p.i.JtaPlatformInitiator       : HHH000489: No JTA platform available (set 'hibernate.transaction.jta.platform' to enable JTA platform integration)
2024-02-09T14:05:36.544+01:00  INFO 9204 --- [main] j.LocalContainerEntityManagerFactoryBean : Initialized JPA EntityManagerFactory for persistence unit 'default'
2024-02-09T14:05:36.947+01:00  WARN 9204 --- [main] JpaBaseConfiguration$JpaWebConfiguration : spring.jpa.open-in-view is enabled by default. Therefore, database queries may be performed during view rendering. Explicitly configure spring.jpa.open-in-view to disable this warning
2024-02-09T14:05:37.045+01:00  INFO 9204 --- [main] o.s.b.a.w.s.WelcomePageHandlerMapping    : Adding welcome page template: index
2024-02-09T14:05:37.562+01:00  INFO 9204 --- [main] o.s.s.web.DefaultSecurityFilterChain     : Will secure any request with [org.springframework.security.web.session.DisableEncodeUrlFilter@1e65c4d, org.springframework.security.web.context.request.async.WebAsyncManagerIntegrationFilter@6b888692, org.springframework.security.web.context.SecurityContextHolderFilter@2da8ed80, org.springframework.security.web.header.HeaderWriterFilter@44ac94c2, org.springframework.web.filter.CorsFilter@6414eb98, org.springframework.security.web.csrf.CsrfFilter@3857c5d5, org.springframework.security.web.authentication.logout.LogoutFilter@88fc9cb, org.springframework.security.web.authentication.UsernamePasswordAuthenticationFilter@6731b6bd, org.springframework.security.web.savedrequest.RequestCacheAwareFilter@d695f9d, org.springframework.security.web.servletapi.SecurityContextHolderAwareRequestFilter@7daf167, org.springframework.security.web.authentication.AnonymousAuthenticationFilter@61a17f3, org.springframework.security.web.access.ExceptionTranslationFilter@2cdcedef, org.springframework.security.web.access.intercept.AuthorizationFilter@793248d]
2024-02-09T14:05:37.891+01:00  INFO 9204 --- [main] o.s.b.w.embedded.tomcat.TomcatWebServer  : Tomcat started on port 8080 (http) with context path ''
2024-02-09T14:05:37.899+01:00  INFO 9204 --- [main] Proyecto.Java.Final.Aplicacion           : Started Aplicacion in 5.295 seconds (process running for 5.927)
2024-02-09T14:06:00.059+01:00  INFO 9204 --- [http-nio-8080-exec-1] o.a.c.c.C.[Tomcat].[localhost].[/]       : Initializing Spring DispatcherServlet 'dispatcherServlet'
2024-02-09T14:06:00.060+01:00  INFO 9204 --- [http-nio-8080-exec-1] o.s.web.servlet.DispatcherServlet        : Initializing Servlet 'dispatcherServlet'
2024-02-09T14:06:00.063+01:00  INFO 9204 --- [http-nio-8080-exec-1] o.s.web.servlet.DispatcherServlet        : Completed initialization in 2 ms
2024-02-09T14:06:00.075+01:00  WARN 9204 --- [http-nio-8080-exec-1] o.s.w.s.h.HandlerMappingIntrospector     : Cache miss for REQUEST dispatch to '/privada/administracion' (previous null). Performing CorsConfiguration lookup. This is logged once only at WARN level, and every time at TRACE.
2024-02-09T14:06:00.090+01:00  WARN 9204 --- [http-nio-8080-exec-1] o.s.w.s.h.HandlerMappingIntrospector     : Cache miss for REQUEST dispatch to '/privada/administracion' (previous null). Performing MatchableHandlerMapping lookup. This is logged once only at WARN level, and every time at TRACE.
2024-02-09T14:06:50.752+01:00  INFO 9204 --- [http-nio-8080-exec-7] P.J.Final.Servicios.UsuarioServicioImpl  : Usuario jose2@gmail.com REGISTRADO
2024-02-09T14:10:46.436+01:00  INFO 9204 --- [RMI TCP Connection(12)-127.0.0.1] inMXBeanRegistrar$SpringApplicationAdmin : Application shutdown requested.
2024-02-09T14:10:46.445+01:00  INFO 9204 --- [RMI TCP Connection(12)-127.0.0.1] j.LocalContainerEntityManagerFactoryBean : Closing JPA EntityManagerFactory for persistence unit 'default'
2024-02-09T14:10:46.447+01:00  INFO 9204 --- [RMI TCP Connection(12)-127.0.0.1] com.zaxxer.hikari.HikariDataSource       : HikariPool-1 - Shutdown initiated...
2024-02-09T14:10:46.452+01:00  INFO 9204 --- [RMI TCP Connection(12)-127.0.0.1] com.zaxxer.hikari.HikariDataSource       : HikariPool-1 - Shutdown completed.
